[    0.000000] Initializing cgroup subsys cpuset
[    0.000000] Initializing cgroup subsys cpu
[    0.000000] Initializing cgroup subsys cpuacct
[    0.000000] Linux version 4.4.0-131-generic (buildd@lgw01-amd64-015) (gcc version 5.4.0 20160609 (Ubuntu 5.4.0-6ubuntu1~16.04.10) ) #157-Ubuntu SMP Thu Jul 12 15:51:36 UTC 2018 (Ubuntu 4.4.0-131.157-generic 4.4.134)
[    0.000000] Command line: BOOT_IMAGE=/boot/vmlinuz-4.4.0-131-generic root=LABEL=cloudimg-rootfs ro console=tty1 console=ttyS0
[    0.000000] KERNEL supported cpus:
[    0.000000]   Intel GenuineIntel
[    0.000000]   AMD AuthenticAMD
[    0.000000]   Centaur CentaurHauls
[    0.000000] x86/fpu: xstate_offset[2]:  576, xstate_sizes[2]:  256
[    0.000000] x86/fpu: Supporting XSAVE feature 0x01: 'x87 floating point registers'
[    0.000000] x86/fpu: Supporting XSAVE feature 0x02: 'SSE registers'
[    0.000000] x86/fpu: Supporting XSAVE feature 0x04: 'AVX registers'
[    0.000000] x86/fpu: Enabled xstate features 0x7, context size is 832 bytes, using 'standard' format.
[    0.000000] x86/fpu: Using 'eager' FPU context switches.
[    0.000000] e820: BIOS-provided physical RAM map:
[    0.000000] BIOS-e820: [mem 0x0000000000000000-0x000000000009fbff] usable
[    0.000000] BIOS-e820: [mem 0x000000000009fc00-0x000000000009ffff] reserved
[    0.000000] BIOS-e820: [mem 0x00000000000f0000-0x00000000000fffff] reserved
[    0.000000] BIOS-e820: [mem 0x0000000000100000-0x000000007ffeffff] usable
[    0.000000] BIOS-e820: [mem 0x000000007fff0000-0x000000007fffffff] ACPI data
[    0.000000] BIOS-e820: [mem 0x00000000fec00000-0x00000000fec00fff] reserved
[    0.000000] BIOS-e820: [mem 0x00000000fee00000-0x00000000fee00fff] reserved
[    0.000000] BIOS-e820: [mem 0x00000000fffc0000-0x00000000ffffffff] reserved
[    0.000000] NX (Execute Disable) protection: active
[    0.000000] SMBIOS 2.5 present.
[    0.000000] Hypervisor detected: KVM
[    0.000000] e820: last_pfn = 0x7fff0 max_arch_pfn = 0x400000000
[    0.000000] MTRR: Disabled
[    0.000000] x86/PAT: MTRRs disabled, skipping PAT initialization too.
[    0.000000] CPU MTRRs all blank - virtualized system.
[    0.000000] x86/PAT: Configuration [0-7]: WB  WT  UC- UC  WB  WT  UC- UC  
[    0.000000] found SMP MP-table at [mem 0x0009fff0-0x0009ffff] mapped at [ffff88000009fff0]
[    0.000000] Scanning 1 areas for low memory corruption
[    0.000000] RAMDISK: [mem 0x3630c000-0x3717dfff]
[    0.000000] ACPI: Early table checksum verification disabled
[    0.000000] ACPI: RSDP 0x00000000000E0000 000024 (v02 VBOX  )
[    0.000000] ACPI: XSDT 0x000000007FFF0030 00003C (v01 VBOX   VBOXXSDT 00000001 ASL  00000061)
[    0.000000] ACPI: FACP 0x000000007FFF00F0 0000F4 (v04 VBOX   VBOXFACP 00000001 ASL  00000061)
[    0.000000] ACPI: DSDT 0x000000007FFF0470 0021C8 (v02 VBOX   VBOXBIOS 00000002 INTL 20100528)
[    0.000000] ACPI: FACS 0x000000007FFF0200 000040
[    0.000000] ACPI: FACS 0x000000007FFF0200 000040
[    0.000000] ACPI: APIC 0x000000007FFF0240 00005C (v02 VBOX   VBOXAPIC 00000001 ASL  00000061)
[    0.000000] ACPI: SSDT 0x000000007FFF02A0 0001CC (v01 VBOX   VBOXCPUT 00000002 INTL 20100528)
[    0.000000] No NUMA configuration found
[    0.000000] Faking a node at [mem 0x0000000000000000-0x000000007ffeffff]
[    0.000000] NODE_DATA(0) allocated [mem 0x7ffeb000-0x7ffeffff]
[    0.000000] kvm-clock: Using msrs 4b564d01 and 4b564d00
[    0.000000] kvm-clock: cpu 0, msr 0:7ffe3001, primary cpu clock
[    0.000000] kvm-clock: using sched offset of 8249363556 cycles
[    0.000000] clocksource: kvm-clock: mask: 0xffffffffffffffff max_cycles: 0x1cd42e4dffb, max_idle_ns: 881590591483 ns
[    0.000000] Zone ranges:
[    0.000000]   DMA      [mem 0x0000000000001000-0x0000000000ffffff]
[    0.000000]   DMA32    [mem 0x0000000001000000-0x000000007ffeffff]
[    0.000000]   Normal   empty
[    0.000000]   Device   empty
[    0.000000] Movable zone start for each node
[    0.000000] Early memory node ranges
[    0.000000]   node   0: [mem 0x0000000000001000-0x000000000009efff]
[    0.000000]   node   0: [mem 0x0000000000100000-0x000000007ffeffff]
[    0.000000] Initmem setup node 0 [mem 0x0000000000001000-0x000000007ffeffff]
[    0.000000] ACPI: PM-Timer IO Port: 0x4008
[    0.000000] IOAPIC[0]: apic_id 2, version 32, address 0xfec00000, GSI 0-23
[    0.000000] ACPI: INT_SRC_OVR (bus 0 bus_irq 0 global_irq 2 dfl dfl)
[    0.000000] ACPI: INT_SRC_OVR (bus 0 bus_irq 9 global_irq 9 high level)
[    0.000000] Using ACPI (MADT) for SMP configuration information
[    0.000000] smpboot: Allowing 2 CPUs, 0 hotplug CPUs
[    0.000000] PM: Registered nosave memory: [mem 0x00000000-0x00000fff]
[    0.000000] PM: Registered nosave memory: [mem 0x0009f000-0x0009ffff]
[    0.000000] PM: Registered nosave memory: [mem 0x000a0000-0x000effff]
[    0.000000] PM: Registered nosave memory: [mem 0x000f0000-0x000fffff]
[    0.000000] e820: [mem 0x80000000-0xfebfffff] available for PCI devices
[    0.000000] Booting paravirtualized kernel on KVM
[    0.000000] clocksource: refined-jiffies: mask: 0xffffffff max_cycles: 0xffffffff, max_idle_ns: 7645519600211568 ns
[    0.000000] setup_percpu: NR_CPUS:512 nr_cpumask_bits:512 nr_cpu_ids:2 nr_node_ids:1
[    0.000000] PERCPU: Embedded 34 pages/cpu @ffff88007fc00000 s99544 r8192 d31528 u1048576
[    0.000000] PV qspinlock hash table entries: 256 (order: 0, 4096 bytes)
[    0.000000] Built 1 zonelists in Node order, mobility grouping on.  Total pages: 515960
[    0.000000] Policy zone: DMA32
[    0.000000] Kernel command line: BOOT_IMAGE=/boot/vmlinuz-4.4.0-131-generic root=LABEL=cloudimg-rootfs ro console=tty1 console=ttyS0
[    0.000000] PID hash table entries: 4096 (order: 3, 32768 bytes)
[    0.000000] Memory: 2029916K/2096696K available (8546K kernel code, 1313K rwdata, 4000K rodata, 1516K init, 1316K bss, 66780K reserved, 0K cma-reserved)
[    0.000000] SLUB: HWalign=64, Order=0-3, MinObjects=0, CPUs=2, Nodes=1
[    0.000000] Kernel/User page tables isolation: enabled
[    0.000000] Hierarchical RCU implementation.
[    0.000000] 	Build-time adjustment of leaf fanout to 64.
[    0.000000] 	RCU restricting CPUs from NR_CPUS=512 to nr_cpu_ids=2.
[    0.000000] RCU: Adjusting geometry for rcu_fanout_leaf=64, nr_cpu_ids=2
[    0.000000] NR_IRQS:33024 nr_irqs:440 16
[    0.000000] Console: colour VGA+ 80x25
[    0.000000] console [tty1] enabled
[    0.000000] console [ttyS0] enabled
[    0.000000] tsc: Detected 1600.000 MHz processor
[    3.447800] Calibrating delay loop (skipped) preset value.. 3200.00 BogoMIPS (lpj=6400000)
[    3.568801] pid_max: default: 32768 minimum: 301
[    3.654437] ACPI: Core revision 20150930
[    3.733439] ACPI: 2 ACPI AML tables successfully acquired and loaded
[    3.751637] Security Framework initialized
[    3.778861] Yama: becoming mindful.
[    3.797867] AppArmor: AppArmor initialized
[    3.806314] Dentry cache hash table entries: 262144 (order: 9, 2097152 bytes)
[    3.815877] Inode-cache hash table entries: 131072 (order: 8, 1048576 bytes)
[    3.837996] Mount-cache hash table entries: 4096 (order: 3, 32768 bytes)
[    3.891189] Mountpoint-cache hash table entries: 4096 (order: 3, 32768 bytes)
[    3.960818] Initializing cgroup subsys io
[    4.028589] Initializing cgroup subsys memory
[    4.057253] Initializing cgroup subsys devices
[    4.069156] Initializing cgroup subsys freezer
[    4.114147] Initializing cgroup subsys net_cls
[    4.166865] Initializing cgroup subsys perf_event
[    4.202872] Initializing cgroup subsys net_prio
[    4.221233] Initializing cgroup subsys hugetlb
[    4.224913] Initializing cgroup subsys pids
[    4.227511] CPU: Physical Processor ID: 0
[    4.290151] CPU: Processor Core ID: 0
[    4.358435] mce: CPU supports 0 MCE banks
[    4.388900] Last level iTLB entries: 4KB 64, 2MB 8, 4MB 8
[    4.393537] Last level dTLB entries: 4KB 64, 2MB 0, 4MB 0, 1GB 4
[    4.401612] Spectre V2 : Mitigation: Full generic retpoline
[    4.405795] Spectre V2 : Speculation control IBPB not-supported IBRS not-supported
[    4.411332] Speculative Store Bypass: Vulnerable
[    4.420569] Freeing SMP alternatives memory: 32K
[    4.436675] ftrace: allocating 32245 entries in 126 pages
[    4.533476] smpboot: APIC(0) Converting physical 0 to logical package 0
[    4.610285] smpboot: Max logical packages: 1
[    4.620688] x2apic enabled
[    4.624270] Switched APIC routing to physical x2apic.
[    4.649048] ..TIMER: vector=0x30 apic1=0 pin1=2 apic2=-1 pin2=-1
[    4.759193] smpboot: CPU0: Intel(R) Core(TM) i5-5250U CPU @ 1.60GHz (family: 0x6, model: 0x3d, stepping: 0x4)
[    4.784786] Performance Events: unsupported p6 CPU model 61 no PMU driver, software events only.
[    4.790528] KVM setup paravirtual spinlock
[    4.812743] x86: Booting SMP configuration:
[    4.817942] .... node  #0, CPUs:      #1
[    4.821141] kvm-clock: cpu 1, msr 0:7ffe3041, secondary cpu clock
[    4.832229] mce: CPU supports 0 MCE banks
[    4.838718] x86: Booted up 1 node, 2 CPUs
[    4.848939] smpboot: Total of 2 processors activated (6400.00 BogoMIPS)
[    4.908339] devtmpfs: initialized
[    4.913208] evm: security.selinux
[    4.933326] evm: security.SMACK64
[    4.946026] evm: security.SMACK64EXEC
[    4.957137] evm: security.SMACK64TRANSMUTE
[    4.978174] evm: security.SMACK64MMAP
[    4.980248] evm: security.ima
[    4.984571] evm: security.capability
[    5.010737] clocksource: jiffies: mask: 0xffffffff max_cycles: 0xffffffff, max_idle_ns: 7645041785100000 ns
[    5.023832] futex hash table entries: 512 (order: 3, 32768 bytes)
[    5.044348] pinctrl core: initialized pinctrl subsystem
[    5.055234] RTC time:  5:43:08, date: 08/04/18
[    5.071015] NET: Registered protocol family 16
[    5.093410] cpuidle: using governor ladder
[    5.161934] cpuidle: using governor menu
[    5.240488] PCCT header not found.
[    5.315234] ACPI: bus type PCI registered
[    5.369954] acpiphp: ACPI Hot Plug PCI Controller Driver version: 0.5
[    5.388308] PCI: Using configuration type 1 for base access
[    5.432983] ACPI: Added _OSI(Module Device)
[    5.449178] ACPI: Added _OSI(Processor Device)
[    5.463849] ACPI: Added _OSI(3.0 _SCP Extensions)
[    5.473968] ACPI: Added _OSI(Processor Aggregator Device)
[    5.495319] ACPI: Executed 1 blocks of module-level executable AML code
[    5.635297] ACPI: Interpreter enabled
[    5.719348] ACPI: (supports S0 S5)
[    5.752918] ACPI: Using IOAPIC for interrupt routing
[    5.835184] PCI: Using host bridge windows from ACPI; if necessary, use "pci=nocrs" and report a bug
[    5.889262] ACPI: PCI Root Bridge [PCI0] (domain 0000 [bus 00-ff])
[    5.930299] acpi PNP0A03:00: _OSC: OS supports [ASPM ClockPM Segments MSI]
[    5.994777] acpi PNP0A03:00: _OSC failed (AE_NOT_FOUND); disabling ASPM
[    6.019481] acpi PNP0A03:00: fail to add MMCONFIG information, can't access extended PCI configuration space under this bridge.
[    6.043918] PCI host bridge to bus 0000:00
[    6.048403] pci_bus 0000:00: root bus resource [io  0x0000-0x0cf7 window]
[    6.066183] pci_bus 0000:00: root bus resource [io  0x0d00-0xffff window]
[    6.105491] pci_bus 0000:00: root bus resource [mem 0x000a0000-0x000bffff window]
[    6.132267] pci_bus 0000:00: root bus resource [mem 0x80000000-0xffdfffff window]
[    6.205236] pci_bus 0000:00: root bus resource [bus 00-ff]
[    6.213003] pci 0000:00:01.1: legacy IDE quirk: reg 0x10: [io  0x01f0-0x01f7]
[    6.235899] pci 0000:00:01.1: legacy IDE quirk: reg 0x14: [io  0x03f6]
[    6.259122] pci 0000:00:01.1: legacy IDE quirk: reg 0x18: [io  0x0170-0x0177]
[    6.299406] pci 0000:00:01.1: legacy IDE quirk: reg 0x1c: [io  0x0376]
[    6.444891] pci 0000:00:07.0: quirk: [io  0x4000-0x403f] claimed by PIIX4 ACPI
[    6.470677] pci 0000:00:07.0: quirk: [io  0x4100-0x410f] claimed by PIIX4 SMB
[    6.558431] ACPI: PCI Interrupt Link [LNKA] (IRQs 5 9 10 *11)
[    6.582281] ACPI: PCI Interrupt Link [LNKB] (IRQs 5 9 10 *11)
[    6.610307] ACPI: PCI Interrupt Link [LNKC] (IRQs 5 9 *10 11)
[    6.634863] ACPI: PCI Interrupt Link [LNKD] (IRQs 5 *9 10 11)
[    6.651024] ACPI: Enabled 2 GPEs in block 00 to 07
[    6.692716] vgaarb: setting as boot device: PCI:0000:00:02.0
[    6.709930] vgaarb: device added: PCI:0000:00:02.0,decodes=io+mem,owns=io+mem,locks=none
[    6.727251] vgaarb: loaded
[    6.736701] vgaarb: bridge control possible 0000:00:02.0
[    6.745545] SCSI subsystem initialized
[    6.762312] ACPI: bus type USB registered
[    6.766203] usbcore: registered new interface driver usbfs
[    6.771659] usbcore: registered new interface driver hub
[    6.775441] usbcore: registered new device driver usb
[    6.791997] PCI: Using ACPI for IRQ routing
[    6.806903] NetLabel: Initializing
[    6.818271] NetLabel:  domain hash size = 128
[    6.830049] NetLabel:  protocols = UNLABELED CIPSOv4
[    6.840016] NetLabel:  unlabeled traffic allowed by default
[    6.863709] amd_nb: Cannot enumerate AMD northbridges
[    6.895090] clocksource: Switched to clocksource kvm-clock
[    6.923376] AppArmor: AppArmor Filesystem Enabled
[    6.931554] pnp: PnP ACPI init
[    6.942301] pnp: PnP ACPI: found 3 devices
[    6.982024] clocksource: acpi_pm: mask: 0xffffff max_cycles: 0xffffff, max_idle_ns: 2085701024 ns
[    7.031344] NET: Registered protocol family 2
[    7.077809] TCP established hash table entries: 16384 (order: 5, 131072 bytes)
[    7.119466] TCP bind hash table entries: 16384 (order: 6, 262144 bytes)
[    7.148726] TCP: Hash tables configured (established 16384 bind 16384)
[    7.223996] UDP hash table entries: 1024 (order: 3, 32768 bytes)
[    7.323991] UDP-Lite hash table entries: 1024 (order: 3, 32768 bytes)
[    7.372154] NET: Registered protocol family 1
[    7.464095] pci 0000:00:00.0: Limiting direct PCI/PCI transfers
[    7.522217] pci 0000:00:01.0: Activating ISA DMA hang workarounds
[    7.611940] Unpacking initramfs...
[    8.047860] Freeing initrd memory: 14792K
[    8.072722] RAPL PMU detected, API unit is 2^-32 Joules, 4 fixed counters 10737418240 ms ovfl timer
[    8.159377] hw unit of domain pp0-core 2^-0 Joules
[    8.165090] hw unit of domain package 2^-0 Joules
[    8.192650] hw unit of domain dram 2^-0 Joules
[    8.197876] hw unit of domain pp1-gpu 2^-0 Joules
[    8.232662] platform rtc_cmos: registered platform RTC device (no PNP device found)
[    8.265171] Scanning for low memory corruption every 60 seconds
[    8.285069] audit: initializing netlink subsys (disabled)
[    8.306775] audit: type=2000 audit(1533361395.154:1): initialized
[    8.350132] Initialise system trusted keyring
[    8.361576] HugeTLB registered 2 MB page size, pre-allocated 0 pages
[    8.391679] zbud: loaded
[    8.428670] VFS: Disk quotas dquot_6.6.0
[    8.460000] VFS: Dquot-cache hash table entries: 512 (order 0, 4096 bytes)
[    8.604193] squashfs: version 4.0 (2009/01/31) Phillip Lougher
[    8.621194] fuse init (API version 7.23)
[    8.699721] Key type big_key registered
[    8.771480] Allocating IMA MOK and blacklist keyrings.
[    8.855588] Key type asymmetric registered
[    8.869143] Asymmetric key parser 'x509' registered
[    8.900519] Block layer SCSI generic (bsg) driver version 0.4 loaded (major 249)
[    8.926698] io scheduler noop registered
[    8.943466] io scheduler deadline registered (default)
[    8.986221] io scheduler cfq registered
[    9.040120] pci_hotplug: PCI Hot Plug PCI Core version: 0.5
[    9.118514] pciehp: PCI Express Hot Plug Controller Driver version: 0.4
[    9.196772] ACPI: AC Adapter [AC] (on-line)
[    9.233061] tsc: Refined TSC clocksource calibration: 1600.674 MHz
[    9.233066] clocksource: tsc: mask: 0xffffffffffffffff max_cycles: 0x1712a1b0576, max_idle_ns: 440795283009 ns
[    9.310073] inpt: Power Button as /devices/LNXSYSTM:00/LNXPWRBN:00/input/input0
[    9.379233] ACPI: Power Button [PWRF]
[    9.408821] input: Sleep Button as /devices/LNXSYSTM:00/LNXSLPBN:00/input/input1
[    9.558059] ACPI: Sleep Button [SLPF]
[    9.619611] GHES: HEST is not enabled!
[    9.621128] ACPI: Battery Slot [BAT0] (battery present)
[    9.701544] Serial: 8250/16550 driver, 32 ports, IRQ sharing enabled
[    9.839483] 00:02: ttyS0 at I/O 0x3f8 (irq = 4, base_baud = 115200) is a 16550A
[    9.988031] Linux agpgart interface v0.103
[   10.022585] loop: module loaded
[   10.040815] scsi host0: ata_piix
[   10.062577] scsi host1: ata_piix
[   10.109652] ata1: PATA max UDMA/33 cmd 0x1f0 ctl 0x3f6 bmdma 0xd000 irq 14
[   10.179509] ata2: PATA max UDMA/33 cmd 0x170 ctl 0x376 bmdma 0xd008 irq 15
[   10.258621] libphy: Fixed MDIO Bus: probed
[   10.288954] tun: Universal TUN/TAP device driver, 1.6
[   10.337388] tun: (C) 1999-2004 Max Krasnyansky <maxk@qualcomm.com>
[   10.401137] PPP generic driver version 2.4.2
[   10.446127] ehci_hcd: USB 2.0 'Enhanced' Host Controller (EHCI) Driver
[   10.476046] ehci-pci: EHCI PCI platform driver
[   10.519866] ehci-platform: EHCI generic platform driver
[   10.563832] ohci_hcd: USB 1.1 'Open' Host Controller (OHCI) Driver
[   10.623437] ohci-pci: OHCI PCI platform driver
[   10.680219] ohci-platform: OHCI generic platform driver
[   10.751526] uhci_hcd: USB Universal Host Controller Interface driver
[   10.810593] i8042: PNP: PS/2 Controller [PNP0303:PS2K,PNP0f03:PS2M] at 0x60,0x64 irq 1,12
[   10.977943] serio: i8042 KBD port at 0x60,0x64 irq 1
[   11.052319] serio: i8042 AUX port at 0x60,0x64 irq 12
[   11.088600] mousedev: PS/2 mouse device common for all mice
[   11.172952] input: AT Translated Set 2 keyboard as /devices/platform/i8042/serio0/input/input2
[   11.210308] rtc_cmos rtc_cmos: rtc core: registered rtc_cmos as rtc0
[   11.275111] rtc_cmos rtc_cmos: alarms up to one day, 114 bytes nvram
[   11.292620] i2c /dev entries driver
[   11.301077] device-mapper: uevent: version 1.0.3
[   11.321468] device-mapper: ioctl: 4.34.0-ioctl (2015-10-28) initialised: dm-devel@redhat.com
[   11.371720] ledtrig-cpu: registered to indicate activity on CPUs
[   11.389656] NET: Registered protocol family 10
[   11.432563] NET: Registered protocol family 17
[   11.437295] Key type dns_resolver registered
[   11.441486] registered taskstats version 1
[   11.486314] Loading compiled-in X.509 certificates
[   11.536080] Loaded X.509 cert 'Build time autogenerated kernel key: 8f274abdf49cd12572c1533a34d1eafea768213f'
[   11.612604] zswap: loaded using pool lzo/zbud
[   11.652569] Key type trusted registered
[   11.706136] Key type encrypted registered
[   11.724042] AppArmor: AppArmor sha1 policy hashing enabled
[   11.733916] ima: No TPM chip found, activating TPM-bypass!
[   11.764223] ima: Allocated hash algorithm: sha1
[   11.792017] evm: HMAC attrs: 0x1
[   11.816412]   Magic number: 14:523:718
[   11.852233] rtc_cmos rtc_cmos: setting system clock to 2018-08-04 05:43:15 UTC (1533361395)
[   11.920348] BIOS EDD facility v0.16 2004-Jun-25, 0 devices found
[   11.965322] EDD information not available.
[   12.033317] Freeing unused kernel memory: 1516K
[   12.095346] Write protecting the kernel read-only data: 14336k
[   12.150522] Freeing unused kernel memory: 1680K
[   12.192832] Freeing unused kernel memory: 96K
Loading, please wait...
starting version[   12.310494] random: systemd-udevd: uninitialized urandom read (16 bytes read, 7 bits of entropy available)
 229
[   12.311133] random: udevadm: uninitialized urandom read (16 bytes read, 7 bits of entropy available)
[   12.311289] random: udevadm: uninitialized urandom read (16 bytes read, 7 bits of entropy available)
[   12.335277] random: udevadm: uninitialized urandom read (16 bytes read, 7 bits of entropy available)
[   12.335365] random: udevadm: uninitialized urandom read (16 bytes read, 7 bits of entropy available)
[   12.335761] random: udevadm: uninitialized urandom read (16 bytes read, 7 bits of entropy available)
[   12.335896] random: udevadm: uninitialized urandom read (16 bytes read, 7 bits of entropy available)
[   12.336098] random: udevadm: uninitialized urandom read (16 bytes read, 7 bits of entropy available)
[   12.336298] random: udevadm: uninitialized urandom read (16 bytes read, 7 bits of entropy available)
[   12.336481] random: udevadm: uninitialized urandom read (16 bytes read, 7 bits of entropy available)
[   13.276702] e1000: Intel(R) PRO/1000 Network Driver - version 7.3.21-k8-NAPI
[   13.368540] e1000: Copyright (c) 1999-2006 Intel Corporation.
[   13.400738] Fusion MPT base driver 3.04.20
[   13.405853] Copyright (c) 1999-2008 LSI Corporation
[   13.414715] AVX version of gcm_enc/dec engaged.
[   13.416826] AES CTR mode by8 optimization enabled
[   13.429025] Fusion MPT SPI Host driver 3.04.20
[   13.446416] mptbase: ioc0: Initiating bringup
[   13.511337] ioc0: LSI53C1030 A0: Capabilities={Initiator}
[   13.616660] input: ImExPS/2 Generic Explorer Mouse as /devices/platform/i8042/serio1/input/input4
[   13.715587] scsi host2: ioc0: LSI53C1030 A0, FwRev=00000000h, Ports=1, MaxQ=256, IRQ=20
[   13.864394] scsi 2:0:0:0: Direct-Access     VBOX     HARDDISK         1.0  PQ: 0 ANSI: 5
[   13.921357] scsi target2:0:0: Beginning Domain Validation
[   13.927297] scsi target2:0:0: Domain Validation skipping write tests
[   13.935319] scsi target2:0:0: Ending Domain Validation
[   13.939298] scsi target2:0:0: asynchronous
[   13.952310] scsi 2:0:1:0: Direct-Access     VBOX     HARDDISK         1.0  PQ: 0 ANSI: 5
[   13.983982] scsi target2:0:1: Beginning Domain Validation
[   13.990242] scsi target2:0:1: Domain Validation skipping write tests
[   13.998382] scsi target2:0:1: Ending Domain Validation
[   14.000900] scsi target2:0:1: asynchronous
[   14.045434] sd 2:0:0:0: Attached scsi generic sg0 type 0
[   14.066522] sd 2:0:1:0: Attached scsi generic sg1 type 0
[   14.072846] sd 2:0:0:0: [sda] 20971520 512-byte logical blocks: (10.7 GB/10.0 GiB)
[   14.119934] sd 2:0:1:0: [sdb] 20480 512-byte logical blocks: (10.5 MB/10.0 MiB)
[   14.129282] sd 2:0:1:0: [sdb] Write Protect is off
[   14.135985] sd 2:0:0:0: [sda] Write Protect is off
[   14.138420] sd 2:0:0:0: [sda] Incomplete mode parameter data
[   14.140971] sd 2:0:0:0: [sda] Assuming drive cache: write through
[   14.143707] sd 2:0:1:0: [sdb] Incomplete mode parameter data
[   14.147394] sd 2:0:1:0: [sdb] Assuming drive cache: write through
[   14.153103]  sda: sda1
[   14.158487] sd 2:0:0:0: [sda] Attached SCSI disk
[   14.170514] sd 2:0:1:0: [sdb] Attached SCSI disk
[   14.394386] e1000 0000:00:03.0 eth0: (PCI:33MHz:32-bit) 02:0d:8d:01:94:c2
[   14.428313] e1000 0000:00:03.0 eth0: Intel(R) PRO/1000 Network Connection
[   14.875850] e1000 0000:00:08.0 eth1: (PCI:33MHz:32-bit) 08:00:27:c5:b9:d4
[   14.900686] e1000 0000:00:08.0 eth1: Intel(R) PRO/1000 Network Connection
[   14.926559] e1000 0000:00:08.0 enp0s8: renamed from eth1
[   14.947976] e1000 0000:00:03.0 enp0s3: renamed from eth0
Begin: Loading essential drivers[   16.455693] md: linear personality registered for level -1
 ... [   16.535680] md: multipath personality registered for level -4
[   16.579247] md: raid0 personality registered for level 0
[   16.622435] md: raid1 personality registered for level 1
[   16.719697] raid6: sse2x1   gen()  7918 MB/s
[   16.823715] raid6: sse2x1   xor()  5460 MB/s
[   16.931129] raid6: sse2x2   gen()  9667 MB/s
[   17.051241] raid6: sse2x2   xor()  6127 MB/s
[   17.147685] raid6: sse2x4   gen() 11208 MB/s
[   17.267707] raid6: sse2x4   xor()  7846 MB/s
[   17.307917] raid6: using algorithm sse2x4 gen() 11208 MB/s
[   17.348268] raid6: .... xor() 7846 MB/s, rmw enabled
[   17.408261] raid6: using ssse3x2 recovery algorithm
[   17.445804] xor: automatically using best checksumming function:
[   17.552416]    avx       : 23133.000 MB/sec
[   17.594768] async_tx: api initialized (async)
[   17.629593] md: raid6 personality registered for level 6
[   17.658302] md: raid5 personality registered for level 5
[   17.667675] md: raid4 personality registered for level 4
[   17.678340] md: raid10 personality registered for level 10
done.
Begin: Running /scripts/init-premount ... done.
Begin: Mounting root file system ... Begin: Running /scripts/local-top ... done.
Begin: [   17.768372] Btrfs loaded
Running /scripts/local-premount ... Scanning for Btrfs filesystems
done.
Warning: fsck not present, so sk[   17.916801] EXT4-fs (sda1): mounted filesystem with ordered data mode. Opts: (null)
ipping root file system
done.
Begin: Running /scripts/local-bottom ... done.
Begin: Running /scripts/init-bottom ... done.
[   18.490401] systemd[1]: systemd 229 running in system mode. (+PAM +AUDIT +SELINUX +IMA +APPARMOR +SMACK +SYSVINIT +UTMP +LIBCRYPTSETUP +GCRYPT +GNUTLS +ACL +XZ -LZ4 +SECCOMP +BLKID +ELFUTILS +KMOD -IDN)
[   18.602037] systemd[1]: Detected virtualization oracle.
[   18.644160] systemd[1]: Detected architecture x86-64.

Welcome to [1mUbuntu 16.04.5 LTS[0m!

[   18.758432] systemd[1]: Set hostname to <ubuntu>.
[   18.855408] systemd[1]: Initializing machine ID from random generator.
[   18.877827] systemd[1]: Installed transient /etc/machine-id file.
[   19.679879] systemd[1]: Created slice User and Session Slice.
[[0;32m  OK  [0m] Created slice User and Session Slice.
[   19.707975] systemd[1]: Reached target System Time Synchronized.
[[0;32m  OK  [0m] Reached target System Time Synchronized.
[   19.764262] systemd[1]: Created slice System Slice.
[[0;32m  OK  [0m] Created slice System Slice.
[   19.818218] systemd[1]: Reached target Slices.
[[0;32m  OK  [0m] Reached target Slices.
[   19.838310] systemd[1]: Listening on LVM2 metadata daemon socket.
[[0;32m  OK  [0m] Listening on LVM2 metadata daemon socket.
[   19.884612] systemd[1]: Started Trigger resolvconf update for networkd DNS.
[[0;32m  OK  [0m] Started Trigger resolvconf update for networkd DNS.
[   19.971852] systemd[1]: Reached target User and Group Name Lookups.
[[0;32m  OK  [0m] Reached target User and Group Name Lookups.
[   20.008608] systemd[1]: Listening on udev Kernel Socket.
[[0;32m  OK  [0m] Listening on udev Kernel Socket.
[   20.035744] systemd[1]: Listening on Journal Socket.
[[0;32m  OK  [0m] Listening on Journal Socket.
[   20.060018] systemd[1]: Starting Uncomplicated firewall...
[   20.062388] random: nonblocking pool is initialized
         Starting Uncomplicated firewall...
[   20.132171] systemd[1]: Starting Create list of required static device nodes for the current kernel...
         Starting Create list of required st... nodes for the current kernel...
[   20.256339] systemd[1]: Starting Nameserver information manager...
         Starting Nameserver information manager...
[   20.408130] systemd[1]: Starting Remount Root and Kernel File Systems...
[   20.421853] EXT4-fs (sda1): re-mounted. Opts: (null)
         Starting Remount Root and Kernel File Systems...
[   20.476017] systemd[1]: Starting Set console keymap...
         Starting Set console keymap...
[   20.507755] systemd[1]: Started Forward Password Requests to Wall Directory Watch.
[[0;32m  OK  [0m] Started Forward Password Requests to Wall Directory Watch.
[   20.604692] systemd[1]: Listening on Syslog Socket.
[[0;32m  OK  [0m] Listening on Syslog Socket.
[   20.655881] systemd[1]: Mounting POSIX Message Queue File System...
         Mounting POSIX Message Queue File System...
[   20.719927] systemd[1]: Reached target Encrypted Volumes.
[[0;32m  OK  [0m] Reached target Encrypted Volumes.
[   20.776035] systemd[1]: Listening on /dev/initctl Compatibility Named Pipe.
[[0;32m  OK  [0m] Listening on /dev/initctl Compatibility Named Pipe.
[   20.875999] systemd[1]: Listening on Journal Socket (/dev/log).
[[0;32m  OK  [0m] Listening on Journal Socket (/dev/log).
[   21.012705] systemd[1]: Starting Load Kernel Modules...
         Starting Load Kernel Modules...
[   21.037015] systemd[1]: Mounting Debug File System...
[   21.060610] Loading iSCSI transport class v2.0-870.
         Mounting Debug File System...
[   21.080017] systemd[1]: Listening on udev Control Socket.
[[0;32m  OK  [0m] Listening on [   21.106451] iscsi: registered transport (tcp)
udev Control Socket.
[   21.116105] systemd[1]: Listening on Journal Audit Socket.
[[0;32m  OK  [0m] Listening on Journal Audit Socket.
[   21.168037] systemd[1]: Starting Journal Service...
         Starting Journal Servic[   21.191159] iscsi: registered transport (iser)
e...
[   21.212408] systemd[1]: Listening on Device-mapper event daemon FIFOs.
[[0;32m  OK  [0m] Listening on Device-mapper event daemon FIFOs.
[   21.256228] systemd[1]: Starting Monitoring of LVM2 mirrors, snapshots etc. using dmeventd or progress polling...
         Starting Monitoring of LVM2 mirrors... dmeventd or progress polling...
[   21.363763] systemd[1]: Reached target Swap.
[[0;32m  OK  [0m] Reached target Swap.
[   21.472186] systemd[1]: Set up automount Arbitrary Executable File Formats File System Automount Point.
[[0;32m  OK  [0m] Set up automount Arbitrary Executab...ats File System Automount Point.
[   21.565752] systemd[1]: Listening on LVM2 poll daemon socket.
[[0;32m  OK  [0m] Listening on LVM2 poll daemon socket.
[   21.724665] systemd[1]: Created slice system-serial\x2dgetty.slice.
[[0;32m  OK  [0m] Created slice system-serial\x2dgetty.slice.
[   21.820087] systemd[1]: Mounting Huge Pages File System...
         Mounting Huge Pages File System...
[   21.873645] systemd[1]: Mounted Huge Pages File System.
[[0;32m  OK  [0m] Mounted Huge Pages File System.
[   21.908018] systemd[1]: Mounted Debug File System.
[[0;32m  OK  [0m] Mounted Debug File System.
[   22.040815] systemd[1]: Mounted POSIX Message Queue File System.
[[0;32m  OK  [0m] Mounted POSIX Message Queue File System.
[   22.164128] systemd[1]: Started Journal Service.
[[0;32m  OK  [0m] Started Journal Service.
[[0;32m  OK  [0m] Started Uncomplicated firewall.
[[0;32m  OK  [0m] Started Create list of required sta...ce nodes for the current kernel.
[[0;32m  OK  [0m] Started Remount Root and Kernel File Systems.
[[0;32m  OK  [0m] Started Set console keymap.
[[0;32m  OK  [0m] Started Load Kernel Modules.
[[0;32m  OK  [0m] Started Nameserver information manager.
[[0;32m  OK  [0m] Started LVM2 metadata daemon.
         Starting Apply Kernel Variables...
         Mounting FUSE Control File System...
         Starting Load/Save Random Seed...
         Starting udev Coldplug all Devices...
         Starting Create Static Device Nodes in /dev...
         Starting Flush Journal to Persistent Storage...
[[0;32m  OK  [0m] Mounted FUSE Control File System.
[[0;32m  OK  [0m] Started Monitoring of LVM2 mirrors,...ng dmeventd or progress polling.
[[0;32m  OK  [0m] Started Apply Kernel Variables.
[[0;32m  OK  [0m] Started Load/Save Random Seed.
[[0;32m  OK  [0m] Started Create Static Device Nodes in /dev.
[[0;32m  OK  [0m] Started udev Coldplug all Devices.
[[0;32m  OK  [0m] Started Flush Journal to Persistent Storage.
         Starting udev Kernel Device Manager...
[[0;32m  OK  [0m] Started udev Kernel Device Manager.
[[0;32m  OK  [0m] Reached target Local File Systems (Pre).
[[0;32m  OK  [0m] Reached target Local File Systems.
         Starting LSB: AppArmor initialization...
         Starting Create Volatile Files and Directories...
         Starting Initial cloud-init job (pre-networking)...
         Starting Tell Plymouth To Write Out Runtime Data...
         Starting Set console font and keymap...
         Starting Commit a transient machine-id on disk...
[[0;32m  OK  [0m] Started Dispatch Password Requests to Console Directory Watch.
[[0;32m  OK  [0m] Started Create Volatile Files and Directories.
[[0;32m  OK  [0m] Started Tell Plymouth To Write Out Runtime Data.
[[0;32m  OK  [0m] Started Commit a transient machine-id on disk.
[[0;32m  OK  [0m] Found device /dev/ttyS0.
[[0;32m  OK  [0m] Listening on Load/Save RF Kill Switch Status /dev/rfkill Watch.
         Starting Update UTMP about System Boot/Shutdown...
[[0;32m  OK  [0m] Started Update UTMP about System Boot/Shutdown.
[[0;32m  OK  [0m] Started LSB: AppArmor initialization.
[   22.445079] cloud-init[484]: Cloud-init v. 18.2 running 'init-local' at Sat, 04 Aug 2018 05:43:31 +0000. Up 21.33 seconds.
[[0;32m  OK  [0m] Started Set console font and keymap.
[[0;32m  OK  [0m] Started Initial cloud-init job (pre-networking).
[[0;32m  OK  [0m] Reached target Network (Pre).
         Starting Raise network interfaces...
[[0;32m  OK  [0m] Created slice system-getty.slice.
[[0;32m  OK  [0m] Started Raise network interfaces.
[[0;32m  OK  [0m] Reached target Network.
         Starting Initial cloud-init job (metadata service crawler)...
[   27.701019] cloud-init[946]: Cloud-init v. 18.2 running 'init' at Sat, 04 Aug 2018 05:43:34 +0000. Up 24.49 seconds.
[   27.785594] cloud-init[946]: ci-info: +++++++++++++++++++++++++++++++++++++Net device info++++++++++++++++++++++++++++++++++++++
[   27.915132] cloud-init[946]: ci-info: +--------+-------+---------------------------+---------------+-------+-------------------+
[   28.013661] [[0;32m  OK  [0m] Started Initial cloud-init job (metadata service crawler).
[[0;32m  OK  [0m] Reached target System Initialization.
cloud-init[946]: ci-info: | Device |   Up  |          Address          |      Mask     | Scope |     Hw-Address    |
         Starting LXD - unix socket.
[[0;32m  OK  [0m] Listening on D-Bus System Message Bus Socket.
[   28.377495] cloud-init[946]: ci-info: +--------+-------+---------------------------+---------------+-------+-------------------+
[[0;32m  OK  [0m] Started Daily Cleanup of Temporary Directories.
[   28.706177] cloud-init[946]: ci-info: | enp0s3 |  True |         10.0.2.15         | 255.255.255.0 |   .   | 02:0d:8d:01:94:c2 |
[   28.923790] [cloud-init[0;32m  OK  [0m[946]: ] ci-info: | enp0s3 |  True | fe80::d:8dff:fe01:94c2/64 |       .       |  link | 02:0d:8d:01:94:c2 |Listening on ACPID Listen Socket.

[   29.168954] cloud-init[946]: ci-info: | enp0s8 | False |             .             |       .       |   .   | 08:00:27:c5:b9:d4 |
         Starting Socket activation for snappy daemon.
[   29.170784] [cloud-init[0;32m  OK  [0m[946]: ] ci-info: |   lo   |  True |         127.0.0.1         |   255.0.0.0   |   .   |         .         |Listening on UUID daemon activation socket.

[[0;32m  OK  [0m] Started Daily apt download activities.
[[0;32m  OK  [0m] Started Daily apt upgrade and clean activities.
[   29.374159] cloud-init[946]: ci-info: |   lo   |  True |          ::1/128          |       .       |  host |         .         |
[   29.769970] cloud-init[946]: ci-info: +--------+-------+---------------------------+---------------+-------+-------------------+
[[0;32m  OK  [0m] Reached target Timers.
[   29.869078] cloud-init[946]: ci-info: +++++++++++++++++++++++++++Route IPv4 info++++++++++++++++++++++++++++
[   30.033706] [cloud-init[0;32m  OK  [0m[946]: ] ci-info: +-------+-------------+----------+---------------+-----------+-------+Started ACPI Events Check.

[[0;32m  OK  [0m] Reached target Paths.
[   30.035062] cloud-init[946]: ci-info: | Route | Destination | Gateway  |    Genmask    | Interface | Flags |
[[0;32m  OK  [0m] Reached target Network is Online.
[   30.239181] cloud-init[946]: ci-info: +-------+-------------+----------+---------------+-----------+-------+
[   30.650953] cloud-init[946]: ci-info: |   0   |   0.0.0.0   | 10.0.2.2 |    0.0.0.0    |   enp0s3  |   UG  |
         Starting iSCSI initiator daemon (iscsid)...
[   30.652683] [cloud-init[0;32m  OK  [0m[946]: ] ci-info: |   1   |   10.0.2.0  | 0.0.0.0  | 255.255.255.0 |   enp0s3  |   U   |Reached target Cloud-config availability.

[   31.094736] cloud-init[946]: ci-info: +-------+-------------+----------+---------------+-----------+-------+
[[0;32m  OK  [0m] Listening on LXD - unix socket.
[   31.096437] [cloud-init[0;32m  OK  [0m[946]: ] Generating public/private rsa key pair.Listening on Socket activation for snappy daemon.

[[0;32m  OK  [0m] Reached target Sockets.
[   31.450604] cloud-init[946]: Your identification has been saved in /etc/ssh/ssh_host_rsa_key.
[[0;32m  OK  [0m] Reached target Basic System.
[   31.451984] cloud-init[946]: Your public key has been saved in /etc/ssh/ssh_host_rsa_key.pub.
[   31.660491] [cloud-init[0;32m  OK  [0m[946]: ] The key fingerprint is:Started ACPI event daemon.

[   31.661400] cloud-init[946]: SHA256:K0uAcXABQl0yzSdTE+joX9kkJ9O915kIQgsOD7Iw/WQ root@ubuntu-xenial
[   31.921661]          cloud-initStarting Pollinate to seed the pseudo random number generator...[946]: 
The key's randomart image is:
[[   32.100359] cloud-init[946]: +---[RSA 2048]----+
[   32.100527] cloud-init[946]: |o.=+*oo+.        |
[   32.101888] cloud-init[946]: | + *oE o..       |
[   32.102073] cloud-init[946]: |  + X O + o      |
[   32.102218] cloud-init[946]: |   * o * * o     |
[   32.103148] cloud-init[946]: |  o .   S . o o o|
[   32.103283] cloud-init[946]: |   . . o o . o + |
[   32.103392] cloud-init[946]: |    . + .   .    |
[   32.103510] cloud-init[946]: |     o o         |
[   32.103737] cloud-init[946]: |      .          |
[   32.103860] cloud-init[946]: +----[SHA256]-----+
[   32.103974] cloud-init[946]: Generating public/private dsa key pair.
[   32.104085] cloud-init[946]: Your identification has been saved in /etc/ssh/ssh_host_dsa_key.
[0;32m  OK  [0m] Started FUSE filesystem for LXC.
[   32.104448] cloud-init[946]: Your public key has been saved in /etc/ssh/ssh_host_dsa_key.pub.
[   32.917276] [cloud-init[0;32m  OK  [0m[946]: ] The key fingerprint is:Started D-Bus System Message Bus.

[   32.919600] cloud-init[946]: SHA256:Tvr4XQZVCOoqQWVCAP1XwtgnVtbDnDgfnpIxa7IQ8ZU root@ubuntu-xenial
[   33.065041]          cloud-initStarting Accounts Service...[946]: 
The key's randomart image is:
[   33.066463] cloud-init[946]: +---[DSA 1024]----+
         [   33.276980] Starting Virtualbox guest utils...cloud-init
[946]: |.o.o+=o.+*.o ..  |
[   33.348672] cloud-init[946]: |  . o=*oE.B ..   |
[   33.349560] cloud-init[946]: |   ..o.=.O +.    |
[   33.350022] cloud-init[946]: |   .o o.= +.     |
[   33.350330] cloud-init[946]: |    .o +S..      |
[   33.350796] cloud-init[946]: |     ..=   .     |
[   33.351118] cloud-init[946]: |    . o .   o    |
         Starting LSB: Record successful boot for GRUB...
[   33.352287] cloud-init[946]: |     . o . o     |
         Starting System Logging Service...
[   33.485020] cloud-init[946]: |      ..o .      |
[   33.486460] cloud-init[946]: +----[SHA256]-----+
[   33.576870] [cloud-init[0;32m  OK  [0m[946]: ] Generating public/private ecdsa key pair.Started Deferred execution scheduler.

[   33.684726] [cloud-init[0;32m  OK  [0m[946]: ] Your identification has been saved in /etc/ssh/ssh_host_ecdsa_key.Started Unattended Upgrades Shutdown.

[[0;32m  OK  [0m] Started Regular background program processing daemon.
[   33.782883] cloud-init[946]: Your public key has been saved in /etc/ssh/ssh_host_ecdsa_key.pub.
         Starting LSB: MD monitoring daemon...
[   33.860960] cloud-init[946]: The key fingerprint is:
[   33.902055] cloud-init[946]: SHA256:YtHBqTY8oRQ1JJ9l8/ARTF9TxRMDC4fMe1tNuoipcYY root@ubuntu-xenial
[   33.903315] cloud-init[946]: The key's randomart image is:
         Starting Login Service...
[   33.904267] cloud-init[946]: +---[ECDSA 256]---+
         [   34.068600] Starting Apply the settings specified in cloud-config...cloud-init
[946]: |    o++.*+*o.o+==|
[   34.070084] cloud-init[946]: |    .o.*o*.*o..o+|
[   34.230037] cloud-init[946]: |   . o+o. o o. oo|
         Starting Snappy daemon...
[   34.268571] cloud-init[946]: |    . *.   . ....|
         Starting /etc/rc.local Compatibility...
[   34.392384] cloud-init[946]: |     .ooS. o..o. |
[   34.475273]          Starting LXD - container startup/shutdown...
cloud-init[946]: |     . .E = ...  |
[   34.548686] cloud-init[946]: |         =       |
[   34.548847] cloud-init[946]: |        .        |
[   34.548934] cloud-init[946]: |                 |
[   34.549020] cloud-init[946]: +----[SHA256]-----+
[   34.549129] cloud-init[946]: Generating public/private ed25519 key pair.
[   34.551106] cloud-init[946]: Your identification has been saved in /etc/ssh/ssh_host_ed25519_key.
[   34.551244] cloud-init[946]: Your public key has been saved in /etc/ssh/ssh_host_ed25519_key.pub.
[   34.551355] cloud-init[946]: The key fingerprint is:
[   34.551458] cloud-init[946]: SHA256:sUpMNTNfsXX5hgt+/IdS8X8ZIz1Kw7soMDveBgMnCY4 root@ubuntu-xenial
[   34.551568] cloud-init[946]: The key's randomart image is:
[   34.551668] cloud-init[946]: +--[ED25519 256]--+
[   34.551837] cloud-init[946]: |        =   o.. o|
[   34.552009] cloud-init[946]: |   .   . = . o o |
[   34.552130] cloud-init[946]: |  o . o . . .  ..|[[0;32m  OK  [0m] Started System Logging Service.
[[0;32m  OK  [0m] Started iSCSI initiator daemon (iscsid).
[[0;32m  OK  [0m] Started Pollinate to seed the pseudo random number generator.
[[0;32m  OK  [0m] Started /etc/rc.local Compatibility.

[   35.276455] [cloud-init[0;32m  OK  [0m[946]: ] | E . * . o  . o o|Started LSB: Record successful boot for GRUB.

[   35.368879] [cloud-init[0;32m  OK  [0m[946]: ] |      * S  ..o.= |Started Virtualbox guest utils.

[[0;32m  OK  [0m] Started LSB: MD monitoring daemon.
[   35.436607] cloud-init[946]: |     . *    .===.|
[   35.468871] [cloud-init[0;32m  OK  [0m[946]: ] |      . *   .o=o*|Started LXD - container startup/shutdown.

[   35.470620] cloud-init[946]: |       o.o  oo..=|
[[0;32m  OK  [0m] Started Snappy daemon.
[   35.546679] cloud-init[946]: |      ..o... o. o|
[   35.567767] cloud-init[946]: +----[SHA256]-----+
         Starting Authenticate and Authorize Users to Run Privileged Tasks...
         Starting Wait until snapd is fully seeded...
         Starting OpenBSD Secure Shell server...
         Starting Login to default iSCSI targets...
[[0;32m  OK  [0m] Started OpenBSD Secure Shell server.
[[0;32m  OK  [0m] Started Login Service.
[[0;32m  OK  [0m] Started Authenticate and Authorize Users to Run Privileged Tasks.
[[0;32m  OK  [0m] Started Accounts Service.
[   35.939811] cloud-init[1115]: Generating locales (this might take a while)...
[[0;32m  OK  [0m] Started Login to default iSCSI targets.
[[0;32m  OK  [0m] Reached target Remote File Systems (Pre).
[[0;32m  OK  [0m] Reached target Remote File Systems.
         Starting LSB: Set the CPU Frequency Scaling governor to "ondemand"...
         Starting Permit User Sessions...
         Starting LSB: daemon to balance interrupts for SMP systems...
         Starting LSB: automatic crash report generation...
[[0;32m  OK  [0m] Started Permit User Sessions.
[[0;32m  OK  [0m] Started LSB: Set the CPU Frequency Scaling governor to "ondemand".
[[0;32m  OK  [0m] Created slice User Slice of vagrant.
         Starting User Manager for UID 1000...
[[0;32m  OK  [0m] Started Session 1 of user vagrant.
         Starting Terminate Plymouth Boot Screen...
         Starting Hold until boot process finishes up...
[[0;32m  OK  [0m] Started User Manager for UID 1000.
[[0;32m  OK  [0m] Started LSB: daemon to balance interrupts for SMP systems.
[[0;32m  OK  [0m] Started LSB: automatic crash report generation.
[[0;32m  OK  [0m] Started Terminate Plymouth Boot Screen.
[[0;32m  OK  [0m] Started Hold until boot process finishes up.
[[0;32m  OK  [0m] Started Serial Getty on ttyS0.
[[0;32m  OK  [0m] Started Getty on tty1.
[[0;32m  OK  [0m] Reached target Login Prompts.
         Starting Set console scheme...
[[0;32m  OK  [0m] Started Set console scheme.
[   39.102789] cloud-init[1115]:   en_US.UTF-8... done
[   39.135219] cloud-init[1115]: Generation complete.
[   40.314857] cloud-init[1115]: Cloud-init v. 18.2 running 'modules:config' at Sat, 04 Aug 2018 05:43:45 +0000. Up 35.35 seconds.
[[0;32m  OK  [0m] Started Apply the settings specified in cloud-config.
[[0;32m  OK  [0m] Started Wait until snapd is fully seeded.
[[0;32m  OK  [0m] Reached target Multi-User System.
[[0;32m  OK  [0m] Reached target Graphical Interface.
         Starting Update UTMP about System Runlevel Changes...
         Starting Execute cloud user/final scripts...
[[0;32m  OK  [0m] Started Update UTMP about System Runlevel Changes.
         Stopping User Manager for UID 1000...
[[0;32m  OK  [0m] Stopped User Manager for UID 1000.
[[0;32m  OK  [0m] Removed slice User Slice of vagrant.
ci-info: no authorized ssh keys fingerprints found for user ubuntu.
<14>Aug  4 05:43:53 ec2: 
<14>Aug  4 05:43:53 ec2: #############################################################
<14>Aug  4 05:43:53 ec2: -----BEGIN SSH HOST KEY FINGERPRINTS-----
<14>Aug  4 05:43:53 ec2: 1024 SHA256:Tvr4XQZVCOoqQWVCAP1XwtgnVtbDnDgfnpIxa7IQ8ZU root@ubuntu-xenial (DSA)
<14>Aug  4 05:43:53 ec2: 256 SHA256:YtHBqTY8oRQ1JJ9l8/ARTF9TxRMDC4fMe1tNuoipcYY root@ubuntu-xenial (ECDSA)
<14>Aug  4 05:43:53 ec2: 256 SHA256:sUpMNTNfsXX5hgt+/IdS8X8ZIz1Kw7soMDveBgMnCY4 root@ubuntu-xenial (ED25519)
<14>Aug  4 05:43:53 ec2: 2048 SHA256:K0uAcXABQl0yzSdTE+joX9kkJ9O915kIQgsOD7Iw/WQ root@ubuntu-xenial (RSA)
<14>Aug  4 05:43:53 ec2: -----END SSH HOST KEY FINGERPRINTS-----
<14>Aug  4 05:43:53 ec2: #############################################################
-----BEGIN SSH HOST KEY KEYS-----
ecdsa-sha2-nistp256 AAAAE2VjZHNhLXNoYTItbmlzdHAyNTYAAAAIbmlzdHAyNTYAAABBBLntTcJVdEIGp2M0WYlB4Vf1Zu1wBUHICL1aUxrg577gPsT7gtPo31d+3ln6s68Kxbo4roiKh+hPk7D619U1XO4= root@ubuntu-xenial
ssh-ed25519 AAAAC3NzaC1lZDI1NTE5AAAAIKMPVUu4z3YJ3bB1NUNEhNran8ImqJptJqanVqkhTRPE root@ubuntu-xenial
ssh-rsa AAAAB3NzaC1yc2EAAAADAQABAAABAQDLI+p0AooJE+T+WTdsf1h/jWBOvDw7tdAgKb5GVnHkAf4nVWwQOHPDRJs9pjri86XqszWIJdrpvugqfKSBRux2ulrP+ysei7Ij6NvDbNZdXqZShIlG4idAM0Vnq4rhscEboSfYSQ2W2jkHRUN77lqAtVnqo8rwnvPlfXNiIFCZrcJidKk+GklfGBdBVrYM8h6T5nwT3LZmGw+rHIDL5hCjkGv+f9agn4dekCRlas/Dvy/BF6/0IyTWNfM7hctDO2l9L7KD6EAbuLw7CVsVk+LwDT79nLivVQQxnG3rAYQrsPLwURPpfixoknYcaZIZ17ZxZPHVoRs8FX2MzRcxQt/n root@ubuntu-xenial
-----END SSH HOST KEY KEYS-----
[   43.321753] cloud-init[1502]: Cloud-init v. 18.2 running 'modules:final' at Sat, 04 Aug 2018 05:43:52 +0000. Up 42.97 seconds.
[   43.322186] cloud-init[1502]: ci-info: no authorized ssh keys fingerprints found for user ubuntu.
[   43.322532] cloud-init[1502]: Cloud-init v. 18.2 finished at Sat, 04 Aug 2018 05:43:53 +0000. Datasource DataSourceNoCloud [seed=/dev/sdb][dsmode=net].  Up 43.31 seconds

Ubuntu 16.04.5 LTS ubuntu-xenial ttyS0

ubuntu-xenial login: 